[debug] [2023-09-13T23:26:26.184Z] ----------------------------------------------------------------------
[debug] [2023-09-13T23:26:26.185Z] Command:       /usr/local/bin/node /usr/local/bin/firebase init
[debug] [2023-09-13T23:26:26.185Z] CLI Version:   12.5.4
[debug] [2023-09-13T23:26:26.186Z] Platform:      darwin
[debug] [2023-09-13T23:26:26.186Z] Node Version:  v18.16.0
[debug] [2023-09-13T23:26:26.190Z] Time:          Wed Sep 13 2023 16:26:26 GMT-0700 (Pacific Daylight Time)
[debug] [2023-09-13T23:26:26.190Z] ----------------------------------------------------------------------
[debug] 
[debug] [2023-09-13T23:26:26.194Z] > command requires scopes: ["email","openid","https://www.googleapis.com/auth/cloudplatformprojects.readonly","https://www.googleapis.com/auth/firebase","https://www.googleapis.com/auth/cloud-platform"]
[debug] [2023-09-13T23:26:26.194Z] > authorizing via signed-in user (laurenhuang159@gmail.com)
[info] 
     ######## #### ########  ######## ########     ###     ######  ########
     ##        ##  ##     ## ##       ##     ##  ##   ##  ##       ##
     ######    ##  ########  ######   ########  #########  ######  ######
     ##        ##  ##    ##  ##       ##     ## ##     ##       ## ##
     ##       #### ##     ## ######## ########  ##     ##  ######  ########

You're about to initialize a Firebase project in this directory:

  /Users/huanghuang159/Desktop/Blogging-Website-React

[info] 
=== Project Setup
[info] 
[info] First, let's associate this project directory with a Firebase project.
[info] You can create multiple project aliases by running firebase use --add, 
[info] but for now we'll just set up a default project.
[info] 
[debug] [2023-09-14T00:00:40.274Z] >>> [apiv2][query] GET https://firebase.googleapis.com/v1beta1/projects pageSize=100
[debug] [2023-09-14T00:00:40.816Z] <<< [apiv2][status] GET https://firebase.googleapis.com/v1beta1/projects 200
[debug] [2023-09-14T00:00:40.816Z] <<< [apiv2][body] GET https://firebase.googleapis.com/v1beta1/projects [omitted]
[info] i  Using project react-project-43a56 (react-project) 
[info] 
=== Hosting Setup
[info] 
[info] Your public directory is the folder (relative to your project directory) that
[info] will contain Hosting assets to be uploaded with firebase deploy. If you
[info] have a build process for your assets, use your build's output directory.
[info] 
[info] ✔  Wrote public/404.html 
[debug] [2023-09-14T00:07:49.419Z] >>> [apiv2][query] GET https://www.gstatic.com/firebasejs/releases.json [none]
[debug] [2023-09-14T00:07:49.765Z] <<< [apiv2][status] GET https://www.gstatic.com/firebasejs/releases.json 200
[debug] [2023-09-14T00:07:49.766Z] <<< [apiv2][body] GET https://www.gstatic.com/firebasejs/releases.json {"current":{"version":"10.3.1","browserURL":"https://www.gstatic.com/firebasejs/10.3.1/firebase.js","packageURL":"https://www.gstatic.com/firebasejs/10.3.1/firebase.tgz"},"live":{"version":"10.3","browserURL":"https://www.gstatic.com/firebasejs/live/10.3/firebase.js","packageURL":"https://www.gstatic.com/firebasejs/live/10.3/firebase.tgz"},"components":{"analytics":"https://www.gstatic.com/firebasejs/10.3.1/firebase-analytics.js","app":"https://www.gstatic.com/firebasejs/10.3.1/firebase-app.js","app-check":"https://www.gstatic.com/firebasejs/10.3.1/firebase-app-check.js","auth":"https://www.gstatic.com/firebasejs/10.3.1/firebase-auth.js","auth/cordova":"https://www.gstatic.com/firebasejs/10.3.1/firebase-auth/cordova.js","functions":"https://www.gstatic.com/firebasejs/10.3.1/firebase-functions.js","firestore":"https://www.gstatic.com/firebasejs/10.3.1/firebase-firestore.js","firestore/lite":"https://www.gstatic.com/firebasejs/10.3.1/firebase-firestore/lite.js","installations":"https://www.gstatic.com/firebasejs/10.3.1/firebase-installations.js","storage":"https://www.gstatic.com/firebasejs/10.3.1/firebase-storage.js","performance":"https://www.gstatic.com/firebasejs/10.3.1/firebase-performance.js","remote-config":"https://www.gstatic.com/firebasejs/10.3.1/firebase-remote-config.js","messaging":"https://www.gstatic.com/firebasejs/10.3.1/firebase-messaging.js","messaging/sw":"https://www.gstatic.com/firebasejs/10.3.1/firebase-messaging/sw.js","database":"https://www.gstatic.com/firebasejs/10.3.1/firebase-database.js","firestore.memory":"https://www.gstatic.com/firebasejs/10.3.1/firebase-firestore.memory.js"}}
[info] i  Skipping write of public/index.html 
[info] 
[info] i  Didn't detect a .git folder. Assuming /Users/huanghuang159/Desktop/Blogging-Website-React is the project root. 
[info] i  Authorizing with GitHub to upload your service account to a GitHub repository's secrets store. 
[info] 
[info] Visit this URL on this device to log in:
[info] https://github.com/login/oauth/authorize?client_id=89cf50f02ac6aaed3484&state=240773554&redirect_uri=http%3A%2F%2Flocalhost%3A9005&scope=read%3Auser%20repo%20public_repo
[info] 
[info] Waiting for authentication...
[debug] [2023-09-14T00:08:53.601Z] >>> [apiv2][query] POST https://github.com/login/oauth/access_token [none]
[debug] [2023-09-14T00:08:53.602Z] >>> [apiv2][body] POST https://github.com/login/oauth/access_token [stream]
[debug] [2023-09-14T00:08:53.960Z] <<< [apiv2][status] POST https://github.com/login/oauth/access_token 200
[debug] [2023-09-14T00:08:53.961Z] <<< [apiv2][body] POST https://github.com/login/oauth/access_token {"access_token":"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","token_type":"bearer","scope":"read:user,repo"}
[debug] [2023-09-14T00:08:53.976Z] >>> [apiv2][query] GET https://api.github.com/user [none]
[debug] [2023-09-14T00:08:54.419Z] <<< [apiv2][status] GET https://api.github.com/user 200
[debug] [2023-09-14T00:08:54.419Z] <<< [apiv2][body] GET https://api.github.com/user {"login":"laurahuang106","id":121524012,"node_id":"U_kgDOBz5PLA","avatar_url":"https://avatars.githubusercontent.com/u/121524012?v=4","gravatar_id":"","url":"https://api.github.com/users/laurahuang106","html_url":"https://github.com/laurahuang106","followers_url":"https://api.github.com/users/laurahuang106/followers","following_url":"https://api.github.com/users/laurahuang106/following{/other_user}","gists_url":"https://api.github.com/users/laurahuang106/gists{/gist_id}","starred_url":"https://api.github.com/users/laurahuang106/starred{/owner}{/repo}","subscriptions_url":"https://api.github.com/users/laurahuang106/subscriptions","organizations_url":"https://api.github.com/users/laurahuang106/orgs","repos_url":"https://api.github.com/users/laurahuang106/repos","events_url":"https://api.github.com/users/laurahuang106/events{/privacy}","received_events_url":"https://api.github.com/users/laurahuang106/received_events","type":"User","site_admin":false,"name":null,"company":null,"blog":"","location":null,"email":null,"hireable":null,"bio":null,"twitter_username":null,"public_repos":3,"public_gists":0,"followers":1,"following":0,"created_at":"2022-12-27T22:57:30Z","updated_at":"2023-08-31T18:26:45Z","private_gists":0,"total_private_repos":0,"owned_private_repos":0,"disk_usage":129,"collaborators":0,"two_factor_authentication":false,"plan":{"name":"free","space":976562499,"collaborators":0,"private_repos":10000}}
[info] 
[info] ✔  Success! Logged into GitHub as laurahuang106 
[info] 
